unityLibrary/build/outputs/logs/manifest-merger-debug-report.txt
-- Merging decision tree log ---
manifest
ADDED from src/main/AndroidManifest.xml:2:1-69:12
INJECTED from src/main/AndroidManifest.xml:2:1-69:12
INJECTED from src/main/AndroidManifest.xml:2:1-69:12
INJECTED from src/main/AndroidManifest.xml:2:1-69:12
INJECTED from src/main/AndroidManifest.xml:2:1-69:12
INJECTED from src/main/AndroidManifest.xml:2:1-69:12
INJECTED from src/main/AndroidManifest.xml:2:1-69:12
	package
		ADDED from src/main/AndroidManifest.xml:4:5-33
		INJECTED from src/main/AndroidManifest.xml
		INJECTED from src/main/AndroidManifest.xml
	android:versionName
		INJECTED from src/main/AndroidManifest.xml
		ADDED from src/main/AndroidManifest.xml:2:1-69:12
		INJECTED from src/main/AndroidManifest.xml
	xmlns:tools
		ADDED from src/main/AndroidManifest.xml:3:5-51
	android:versionCode
		INJECTED from src/main/AndroidManifest.xml
		ADDED from src/main/AndroidManifest.xml:2:1-69:12
		INJECTED from src/main/AndroidManifest.xml
	xmlns:android
		ADDED from src/main/AndroidManifest.xml:2:11-69
uses-feature#0x00020000
ADDED from src/main/AndroidManifest.xml:6:5-54
	android:glEsVersion
		ADDED from src/main/AndroidManifest.xml:6:19-51
uses-permission#android.permission.CAMERA
ADDED from src/main/AndroidManifest.xml:8:5-65
	android:name
		ADDED from src/main/AndroidManifest.xml:8:22-62
uses-feature#android.hardware.camera
ADDED from src/main/AndroidManifest.xml:10:5-12:36
	android:required
		ADDED from src/main/AndroidManifest.xml:12:9-33
	android:name
		ADDED from src/main/AndroidManifest.xml:11:9-47
uses-feature#android.hardware.camera.autofocus
ADDED from src/main/AndroidManifest.xml:13:5-15:36
	android:required
		ADDED from src/main/AndroidManifest.xml:15:9-33
	android:name
		ADDED from src/main/AndroidManifest.xml:14:9-57
uses-feature#android.hardware.camera.front
ADDED from src/main/AndroidManifest.xml:16:5-18:36
	android:required
		ADDED from src/main/AndroidManifest.xml:18:9-33
	android:name
		ADDED from src/main/AndroidManifest.xml:17:9-53
uses-feature#android.hardware.touchscreen
ADDED from src/main/AndroidManifest.xml:19:5-21:36
	android:required
		ADDED from src/main/AndroidManifest.xml:21:9-33
	android:name
		ADDED from src/main/AndroidManifest.xml:20:9-52
uses-feature#android.hardware.touchscreen.multitouch
ADDED from src/main/AndroidManifest.xml:22:5-24:36
	android:required
		ADDED from src/main/AndroidManifest.xml:24:9-33
	android:name
		ADDED from src/main/AndroidManifest.xml:23:9-63
uses-feature#android.hardware.touchscreen.multitouch.distinct
ADDED from src/main/AndroidManifest.xml:25:5-27:36
	android:required
		ADDED from src/main/AndroidManifest.xml:27:9-33
	android:name
		ADDED from src/main/AndroidManifest.xml:26:9-72
application
ADDED from src/main/AndroidManifest.xml:29:5-67:19
activity#com.unity3d.player.ui.login.LoginActivity
ADDED from src/main/AndroidManifest.xml:30:9-35:20
	android:label
		ADDED from src/main/AndroidManifest.xml:32:13-57
	android:theme
		ADDED from src/main/AndroidManifest.xml:33:13-44
	android:name
		ADDED from src/main/AndroidManifest.xml:31:13-51
activity#com.unity3d.player.UnityPlayerActivity
ADDED from src/main/AndroidManifest.xml:36:9-50:20
	android:screenOrientation
		ADDED from src/main/AndroidManifest.xml:41:13-51
	android:launchMode
		ADDED from src/main/AndroidManifest.xml:40:13-44
	android:hardwareAccelerated
		ADDED from src/main/AndroidManifest.xml:39:13-48
	android:configChanges
		ADDED from src/main/AndroidManifest.xml:38:13-194
	android:theme
		ADDED from src/main/AndroidManifest.xml:42:13-54
	android:name
		ADDED from src/main/AndroidManifest.xml:37:13-48
meta-data#unityplayer.UnityActivity
ADDED from src/main/AndroidManifest.xml:44:13-46:40
	android:value
		ADDED from src/main/AndroidManifest.xml:46:17-37
	android:name
		ADDED from src/main/AndroidManifest.xml:45:17-57
meta-data#android.notch_support
ADDED from src/main/AndroidManifest.xml:47:13-49:40
	android:value
		ADDED from src/main/AndroidManifest.xml:49:17-37
	android:name
		ADDED from src/main/AndroidManifest.xml:48:17-53
meta-data#unity.splash-mode
ADDED from src/main/AndroidManifest.xml:52:9-54:33
	android:value
		ADDED from src/main/AndroidManifest.xml:54:13-30
	android:name
		ADDED from src/main/AndroidManifest.xml:53:13-45
meta-data#unity.splash-enable
ADDED from src/main/AndroidManifest.xml:55:9-57:36
	android:value
		ADDED from src/main/AndroidManifest.xml:57:13-33
	android:name
		ADDED from src/main/AndroidManifest.xml:56:13-47
meta-data#notch.config
ADDED from src/main/AndroidManifest.xml:58:9-60:50
	android:value
		ADDED from src/main/AndroidManifest.xml:60:13-47
	android:name
		ADDED from src/main/AndroidManifest.xml:59:13-40
meta-data#unity.build-id
ADDED from src/main/AndroidManifest.xml:61:9-63:68
	android:value
		ADDED from src/main/AndroidManifest.xml:63:13-65
	android:name
		ADDED from src/main/AndroidManifest.xml:62:13-42
meta-data#com.google.ar.core
ADDED from src/main/AndroidManifest.xml:64:9-66:40
	android:value
		ADDED from src/main/AndroidManifest.xml:66:13-37
	android:name
		ADDED from src/main/AndroidManifest.xml:65:13-46
uses-sdk
INJECTED from src/main/AndroidManifest.xml reason: use-sdk injection requested
INJECTED from src/main/AndroidManifest.xml
INJECTED from src/main/AndroidManifest.xml
INJECTED from src/main/AndroidManifest.xml
INJECTED from src/main/AndroidManifest.xml
	android:targetSdkVersion
		INJECTED from src/main/AndroidManifest.xml
		ADDED from src/main/AndroidManifest.xml
		INJECTED from src/main/AndroidManifest.xml
	android:minSdkVersion
		INJECTED from src/main/AndroidManifest.xml
		ADDED from src/main/AndroidManifest.xml
		INJECTED from src/main/AndroidManifest.xml